\BOOKMARK [0][-]{chapter.1}{Introducci\363n}{}% 1
\BOOKMARK [1][-]{section.1.1}{Introducci\363n a las superficies topol\363gicas}{chapter.1}% 2
\BOOKMARK [2][-]{subsection.1.1.1}{Orientaci\363n de superficies}{section.1.1}% 3
\BOOKMARK [1][-]{section.1.2}{Superficies compactas}{chapter.1}% 4
\BOOKMARK [2][-]{subsection.1.2.1}{Expresi\363n can\363nica}{section.1.2}% 5
\BOOKMARK [1][-]{section.1.3}{Suma conexa}{chapter.1}% 6
\BOOKMARK [2][-]{subsection.1.3.1}{Expresi\363nes can\363nicas de sumas conexas}{section.1.3}% 7
\BOOKMARK [1][-]{section.1.4}{Triangulaci\363n de una superficie}{chapter.1}% 8
\BOOKMARK [0][-]{chapter.2}{Clasificaci\363n de superficies compactas}{}% 9
\BOOKMARK [1][-]{section.2.1}{Primer paso}{chapter.2}% 10
\BOOKMARK [1][-]{section.2.2}{Segundo paso}{chapter.2}% 11
\BOOKMARK [1][-]{section.2.3}{Tercer paso}{chapter.2}% 12
\BOOKMARK [1][-]{section.2.4}{Cuarto paso}{chapter.2}% 13
\BOOKMARK [1][-]{section.2.5}{Quinto paso}{chapter.2}% 14
\BOOKMARK [1][-]{section.2.6}{Desenlace final}{chapter.2}% 15
\BOOKMARK [1][-]{section.2.7}{Superficies con borde y su clasificaci\363n}{chapter.2}% 16
\BOOKMARK [0][-]{chapter.3}{Hacia las superficies no compactas}{}% 17
\BOOKMARK [1][-]{section.3.1}{Definiciones b\341sicas}{chapter.3}% 18
\BOOKMARK [2][-]{subsection.3.1.1}{La frontera ideal}{section.3.1}% 19
\BOOKMARK [1][-]{section.3.2}{Teorema de Ker\351kj\341rto}{chapter.3}% 20
\BOOKMARK [2][-]{subsection.3.2.1}{Idea de la demostraci\363n}{section.3.2}% 21
\BOOKMARK [1][-]{section.3.3}{Construcci\363n de una superficie con frontera ideal dada}{chapter.3}% 22
\BOOKMARK [2][-]{subsection.3.3.1}{Construcci\363n de superficie no compacta de g\351nero finito}{section.3.3}% 23
\BOOKMARK [0][-]{chapter.4}{Anexo: Algunos resultados que utilizamos en el trabajo}{}% 24
\BOOKMARK [0][-]{chapter.5}{COSAS QUE NO HE UTILIZADO}{}% 25
